<?xml version="1.0" encoding="UTF-8"?>
<testng-results ignored="0" total="1" passed="1" failed="0" skipped="0">
  <reporter-output>
  </reporter-output>
  <suite started-at="2025-02-27T12:13:40 IST" name="Default suite" finished-at="2025-02-27T12:15:26 IST" duration-ms="105524">
    <groups>
    </groups>
    <test started-at="2025-02-27T12:13:40 IST" name="Default test" finished-at="2025-02-27T12:15:26 IST" duration-ms="105524">
      <class name="com.NDS.testCases.LoginTest">
        <test-method is-config="true" signature="loadConfig()[pri:0, instance:com.NDS.testCases.LoginTest@3e27ba32]" started-at="2025-02-27T12:13:40 IST" name="loadConfig" finished-at="2025-02-27T12:13:42 IST" duration-ms="2347" status="PASS">
          <reporter-output>
          </reporter-output>
        </test-method> <!-- loadConfig -->
        <test-method signature="setup()[pri:0, instance:com.NDS.testCases.LoginTest@3e27ba32]" started-at="2025-02-27T12:13:42 IST" name="setup" finished-at="2025-02-27T12:15:23 IST" duration-ms="100998" status="PASS">
          <reporter-output>
          </reporter-output>
        </test-method> <!-- setup -->
        <test-method is-config="true" signature="closeBrowser()[pri:0, instance:com.NDS.testCases.LoginTest@3e27ba32]" started-at="2025-02-27T12:15:23 IST" name="closeBrowser" finished-at="2025-02-27T12:15:26 IST" duration-ms="2136" status="PASS">
          <reporter-output>
          </reporter-output>
        </test-method> <!-- closeBrowser -->
      </class> <!-- com.NDS.testCases.LoginTest -->
    </test> <!-- Default test -->
  </suite> <!-- Default suite -->
</testng-results>
